d:\изучение c#\projects\itmo\c++\labwork_3\debug\vc142.pdb
d:\изучение c#\projects\itmo\c++\labwork_3\debug\vc142.idb
d:\изучение c#\projects\itmo\c++\labwork_3\debug\labwork_3.obj
d:\изучение c#\projects\itmo\c++\labwork_3\debug\labwork_3.2.obj
d:\изучение c#\projects\itmo\c++\labwork_3\debug\labwork_3.pdb
d:\изучение c#\projects\itmo\c++\labwork_3\debug\labwork_3.tlog\cl.command.1.tlog
d:\изучение c#\projects\itmo\c++\labwork_3\debug\labwork_3.tlog\cl.read.1.tlog
d:\изучение c#\projects\itmo\c++\labwork_3\debug\labwork_3.tlog\cl.write.1.tlog
d:\изучение c#\projects\itmo\c++\labwork_3\debug\labwork_3.tlog\link-cvtres.read.1.tlog
d:\изучение c#\projects\itmo\c++\labwork_3\debug\labwork_3.tlog\link-cvtres.write.1.tlog
d:\изучение c#\projects\itmo\c++\labwork_3\debug\labwork_3.tlog\link-rc.read.1.tlog
d:\изучение c#\projects\itmo\c++\labwork_3\debug\labwork_3.tlog\link-rc.write.1.tlog
d:\изучение c#\projects\itmo\c++\labwork_3\debug\labwork_3.tlog\link.8784-cvtres.read.1.tlog
d:\изучение c#\projects\itmo\c++\labwork_3\debug\labwork_3.tlog\link.8784-cvtres.write.1.tlog
d:\изучение c#\projects\itmo\c++\labwork_3\debug\labwork_3.tlog\link.8784-rc.read.1.tlog
d:\изучение c#\projects\itmo\c++\labwork_3\debug\labwork_3.tlog\link.8784-rc.write.1.tlog
d:\изучение c#\projects\itmo\c++\labwork_3\debug\labwork_3.tlog\link.8784.read.1.tlog
d:\изучение c#\projects\itmo\c++\labwork_3\debug\labwork_3.tlog\link.8784.write.1.tlog
d:\изучение c#\projects\itmo\c++\labwork_3\debug\labwork_3.tlog\link.command.1.tlog
d:\изучение c#\projects\itmo\c++\labwork_3\debug\labwork_3.tlog\link.read.1.tlog
d:\изучение c#\projects\itmo\c++\labwork_3\debug\labwork_3.tlog\link.write.1.tlog
